<?xml version="1.0" encoding="UTF-8"?>
<!-- Generated by org.testng.reporters.JUnitReportReporter -->
<testsuite hostname="LAPTOP-17NE75K8" failures="0" tests="1" name="TestCasesNG.EmployeeRegTest" time="3.524" errors="0" timestamp="2023-11-01T17:06:20 IST" skipped="0">
  <testcase classname="TestCasesNG.EmployeeRegTest" name="checkEmp" time="3.524"/>
</testsuite> <!-- TestCasesNG.EmployeeRegTest -->
