<?xml version="1.0" encoding="UTF-8"?>
<!-- Generated by org.testng.reporters.JUnitReportReporter -->
<testsuite hostname="LAPTOP-17NE75K8" failures="0" tests="1" name="Testcases.AdminLoginwithTestData" time="41.847" errors="0" timestamp="2023-11-02T22:13:24 IST" skipped="0">
  <testcase classname="Testcases.AdminLoginwithTestData" name="checkadminloginpage" time="41.847"/>
  <system-out/>
</testsuite> <!-- Testcases.AdminLoginwithTestData -->
