<?xml version="1.0" encoding="UTF-8"?>
<!-- Generated by org.testng.reporters.JUnitReportReporter -->
<testsuite hostname="LAPTOP-17NE75K8" failures="0" tests="1" name="Testcases.AdminLoginwithInValidData" time="14.925" errors="0" timestamp="2023-11-02T22:13:24 IST" skipped="0">
  <testcase classname="Testcases.AdminLoginwithInValidData" name="checkAdminLogin" time="14.925"/>
  <system-out/>
</testsuite> <!-- Testcases.AdminLoginwithInValidData -->
