<?xml version="1.0" encoding="UTF-8"?>
<!-- Generated by org.testng.reporters.JUnitReportReporter -->
<testsuite hostname="LAPTOP-17NE75K8" failures="0" tests="1" name="TestCasesNG.AdminLoginwithInvalidDataNG" time="0.440" errors="0" timestamp="2023-10-18T18:43:56 IST" skipped="0">
  <testcase classname="TestCasesNG.AdminLoginwithInvalidDataNG" name="CheckAdminwithInvalidData" time="0.440"/>
</testsuite> <!-- TestCasesNG.AdminLoginwithInvalidDataNG -->
