<?xml version="1.0" encoding="UTF-8"?>
<!-- Generated by org.testng.reporters.JUnitReportReporter -->
<testsuite hostname="LAPTOP-17NE75K8" failures="0" tests="1" name="TestCasesNG.adminLoginwithValidDataNG" time="2.267" errors="0" timestamp="2023-10-18T18:43:27 IST" skipped="0">
  <testcase classname="TestCasesNG.adminLoginwithValidDataNG" name="CheckAdmin" time="2.267"/>
</testsuite> <!-- TestCasesNG.adminLoginwithValidDataNG -->
